#
# There is insufficient memory for the Java Runtime Environment to continue.
# Native memory allocation (malloc) failed to allocate 164496 bytes for Chunk::new
# Possible reasons:
#   The system is out of physical RAM or swap space
#   In 32 bit mode, the process size limit was hit
# Possible solutions:
#   Reduce memory load on the system
#   Increase physical memory or swap space
#   Check if swap backing store is full
#   Use 64 bit Java on a 64 bit OS
#   Decrease Java heap size (-Xmx/-Xms)
#   Decrease number of Java threads
#   Decrease Java thread stack sizes (-Xss)
#   Set larger code cache with -XX:ReservedCodeCacheSize=
# This output file may be truncated or incomplete.
#
#  Out of Memory Error (allocation.cpp:390), pid=7728, tid=0x000000000000178c
#
# JRE version: Java(TM) SE Runtime Environment (8.0_111-b14) (build 1.8.0_111-b14)
# Java VM: Java HotSpot(TM) 64-Bit Server VM (25.111-b14 mixed mode windows-amd64 compressed oops)
# Failed to write core dump. Minidumps are not enabled by default on client versions of Windows
#

---------------  T H R E A D  ---------------

Current thread (0x00000000161f2800):  JavaThread "C2 CompilerThread1" daemon [_thread_in_native, id=6028, stack(0x0000000017c30000,0x0000000017d30000)]

Stack: [0x0000000017c30000,0x0000000017d30000]
[error occurred during error reporting (printing stack bounds), id 0xc0000005]

Native frames: (J=compiled Java code, j=interpreted, Vv=VM code, C=native code)


Current CompileTask:
C2:   8541 1300       4       com.sun.javafx.css.StyleMap::getCascadingStyles (404 bytes)


---------------  P R O C E S S  ---------------

Java Threads: ( => current thread )
  0x00000000186f6000 JavaThread "Prism Font Disposer" daemon [_thread_blocked, id=7180, stack(0x000000001c880000,0x000000001c980000)]
  0x0000000018509800 JavaThread "Abandoned connection cleanup thread" daemon [_thread_blocked, id=5068, stack(0x000000001b240000,0x000000001b340000)]
  0x00000000184b3800 JavaThread "Thread-3" daemon [_thread_in_native, id=8000, stack(0x000000001b040000,0x000000001b140000)]
  0x0000000018491800 JavaThread "JavaFX-Launcher" [_thread_blocked, id=7352, stack(0x000000001b140000,0x000000001b240000)]
  0x000000001820c800 JavaThread "JavaFX Application Thread" [_thread_in_native, id=8312, stack(0x0000000019840000,0x0000000019940000)]
  0x0000000018434800 JavaThread "Thread-1" daemon [_thread_blocked, id=5524, stack(0x0000000019740000,0x0000000019840000)]
  0x00000000181d5000 JavaThread "QuantumRenderer-0" daemon [_thread_blocked, id=8952, stack(0x0000000018c30000,0x0000000018d30000)]
  0x0000000017e60800 JavaThread "Service Thread" daemon [_thread_blocked, id=8328, stack(0x0000000018230000,0x0000000018330000)]
  0x0000000016201000 JavaThread "C1 CompilerThread2" daemon [_thread_blocked, id=9104, stack(0x0000000017d30000,0x0000000017e30000)]
=>0x00000000161f2800 JavaThread "C2 CompilerThread1" daemon [_thread_in_native, id=6028, stack(0x0000000017c30000,0x0000000017d30000)]
  0x00000000161ef800 JavaThread "C2 CompilerThread0" daemon [_thread_in_native, id=5400, stack(0x0000000017b30000,0x0000000017c30000)]
  0x00000000161ed800 JavaThread "Attach Listener" daemon [_thread_blocked, id=7228, stack(0x0000000017a30000,0x0000000017b30000)]
  0x00000000161ea000 JavaThread "Signal Dispatcher" daemon [_thread_blocked, id=7564, stack(0x0000000017930000,0x0000000017a30000)]
  0x000000000287c000 JavaThread "Finalizer" daemon [_thread_blocked, id=7656, stack(0x0000000017450000,0x0000000017550000)]
  0x0000000002871000 JavaThread "Reference Handler" daemon [_thread_blocked, id=8844, stack(0x0000000017350000,0x0000000017450000)]
  0x0000000002781000 JavaThread "main" [_thread_blocked, id=5836, stack(0x0000000002370000,0x0000000002470000)]

Other Threads:
  0x00000000161b7000 VMThread [stack: 0x0000000017250000,0x0000000017350000] [id=8772]
  0x0000000017e62000 WatcherThread [stack: 0x0000000018330000,0x0000000018430000] [id=5684]

VM state:not at safepoint (normal execution)

VM Mutex/Monitor currently owned by a thread: None

Heap:
 PSYoungGen      total 28672K, used 15706K [0x00000000e0180000, 0x00000000e2180000, 0x0000000100000000)
  eden space 24576K, 63% used [0x00000000e0180000,0x00000000e10d6a38,0x00000000e1980000)
  from space 4096K, 0% used [0x00000000e1980000,0x00000000e1980000,0x00000000e1d80000)
  to   space 4096K, 0% used [0x00000000e1d80000,0x00000000e1d80000,0x00000000e2180000)
 ParOldGen       total 49152K, used 4650K [0x00000000a0400000, 0x00000000a3400000, 0x00000000e0180000)
  object space 49152K, 9% used [0x00000000a0400000,0x00000000a088ab98,0x00000000a3400000)
 Metaspace       used 18729K, capacity 19804K, committed 19840K, reserved 1067008K
  class space    used 2673K, capacity 2909K, committed 2944K, reserved 1048576K

Card table byte_map: [0x0000000011c50000,0x0000000011f50000] byte_map_base: 0x000000001174e000

Marking Bits: (ParMarkBitMap*) 0x0000000057f3a6c0
 Begin Bits: [0x0000000012550000, 0x0000000013d40000)
 End Bits:   [0x0000000013d40000, 0x0000000015530000)

Polling page: 0x0000000002470000

CodeCache: size=245760Kb used=4640Kb max_used=4653Kb free=241120Kb
 bounds [0x0000000002890000, 0x0000000002d20000, 0x0000000011890000]
 total_blobs=2014 nmethods=1361 adapters=565
 compilation: enabled

Compilation events (10 events):
Event: 8.534 Thread 0x0000000016201000 1356       3       javafx.scene.Node::invalidateLocalToSceneTransform (15 bytes)
Event: 8.534 Thread 0x0000000016201000 nmethod 1356 0x0000000002d15ad0 code [0x0000000002d15c60, 0x0000000002d16188]
Event: 8.535 Thread 0x0000000016201000 1357       3       jdk.internal.org.objectweb.asm.ClassVisitor::<init> (35 bytes)
Event: 8.535 Thread 0x0000000016201000 nmethod 1357 0x0000000002d12810 code [0x0000000002d12980, 0x0000000002d12c88]
Event: 8.535 Thread 0x0000000016201000 1359       3       jdk.internal.org.objectweb.asm.AnnotationWriter::put (109 bytes)
Event: 8.536 Thread 0x0000000016201000 nmethod 1359 0x0000000002d151d0 code [0x0000000002d15380, 0x0000000002d15838]
Event: 8.536 Thread 0x0000000016201000 1358       3       jdk.internal.org.objectweb.asm.ClassWriter::visit (121 bytes)
Event: 8.537 Thread 0x0000000016201000 nmethod 1358 0x0000000002d14490 code [0x0000000002d14660, 0x0000000002d14d58]
Event: 8.537 Thread 0x0000000016201000 1363       3       java.lang.AbstractStringBuilder::append (40 bytes)
Event: 8.538 Thread 0x0000000016201000 nmethod 1363 0x0000000002d19250 code [0x0000000002d19400, 0x0000000002d19a48]

GC Heap History (4 events):
Event: 1.367 GC heap before
{Heap before GC invocations=1 (full 0):
 PSYoungGen      total 28672K, used 22220K [0x00000000e0180000, 0x00000000e2180000, 0x0000000100000000)
  eden space 24576K, 90% used [0x00000000e0180000,0x00000000e1733340,0x00000000e1980000)
  from space 4096K, 0% used [0x00000000e1d80000,0x00000000e1d80000,0x00000000e2180000)
  to   space 4096K, 0% used [0x00000000e1980000,0x00000000e1980000,0x00000000e1d80000)
 ParOldGen       total 65536K, used 0K [0x00000000a0400000, 0x00000000a4400000, 0x00000000e0180000)
  object space 65536K, 0% used [0x00000000a0400000,0x00000000a0400000,0x00000000a4400000)
 Metaspace       used 13076K, capacity 13410K, committed 13568K, reserved 1064960K
  class space    used 1554K, capacity 1670K, committed 1792K, reserved 1048576K
Event: 1.374 GC heap after
Heap after GC invocations=1 (full 0):
 PSYoungGen      total 28672K, used 4064K [0x00000000e0180000, 0x00000000e2180000, 0x0000000100000000)
  eden space 24576K, 0% used [0x00000000e0180000,0x00000000e0180000,0x00000000e1980000)
  from space 4096K, 99% used [0x00000000e1980000,0x00000000e1d78060,0x00000000e1d80000)
  to   space 4096K, 0% used [0x00000000e1d80000,0x00000000e1d80000,0x00000000e2180000)
 ParOldGen       total 65536K, used 714K [0x00000000a0400000, 0x00000000a4400000, 0x00000000e0180000)
  object space 65536K, 1% used [0x00000000a0400000,0x00000000a04b2a88,0x00000000a4400000)
 Metaspace       used 13076K, capacity 13410K, committed 13568K, reserved 1064960K
  class space    used 1554K, capacity 1670K, committed 1792K, reserved 1048576K
}
Event: 1.374 GC heap before
{Heap before GC invocations=2 (full 1):
 PSYoungGen      total 28672K, used 4064K [0x00000000e0180000, 0x00000000e2180000, 0x0000000100000000)
  eden space 24576K, 0% used [0x00000000e0180000,0x00000000e0180000,0x00000000e1980000)
  from space 4096K, 99% used [0x00000000e1980000,0x00000000e1d78060,0x00000000e1d80000)
  to   space 4096K, 0% used [0x00000000e1d80000,0x00000000e1d80000,0x00000000e2180000)
 ParOldGen       total 65536K, used 714K [0x00000000a0400000, 0x00000000a4400000, 0x00000000e0180000)
  object space 65536K, 1% used [0x00000000a0400000,0x00000000a04b2a88,0x00000000a4400000)
 Metaspace       used 13076K, capacity 13410K, committed 13568K, reserved 1064960K
  class space    used 1554K, capacity 1670K, committed 1792K, reserved 1048576K
Event: 1.399 GC heap after
Heap after GC invocations=2 (full 1):
 PSYoungGen      total 28672K, used 0K [0x00000000e0180000, 0x00000000e2180000, 0x0000000100000000)
  eden space 24576K, 0% used [0x00000000e0180000,0x00000000e0180000,0x00000000e1980000)
  from space 4096K, 0% used [0x00000000e1980000,0x00000000e1980000,0x00000000e1d80000)
  to   space 4096K, 0% used [0x00000000e1d80000,0x00000000e1d80000,0x00000000e2180000)
 ParOldGen       total 49152K, used 4650K [0x00000000a0400000, 0x00000000a3400000, 0x00000000e0180000)
  object space 49152K, 9% used [0x00000000a0400000,0x00000000a088ab98,0x00000000a3400000)
 Metaspace       used 13076K, capacity 13410K, committed 13568K, reserved 1062912K
  class space    used 1554K, capacity 1670K, committed 1792K, reserved 1048576K
}

Deoptimization events (10 events):
Event: 1.568 Thread 0x000000001820c800 Uncommon trap: reason=unstable_if action=reinterpret pc=0x0000000002abdfc4 method=java.util.Properties.loadConvert([CII[C)Ljava/lang/String; @ 72
Event: 1.659 Thread 0x000000001820c800 Uncommon trap: reason=class_check action=maybe_recompile pc=0x0000000002b5baa0 method=java.io.DataInputStream.readShort()S @ 4
Event: 1.659 Thread 0x000000001820c800 Uncommon trap: reason=class_check action=maybe_recompile pc=0x0000000002b5baa0 method=java.io.DataInputStream.readShort()S @ 4
Event: 1.659 Thread 0x000000001820c800 Uncommon trap: reason=class_check action=maybe_recompile pc=0x0000000002b5baa0 method=java.io.DataInputStream.readShort()S @ 4
Event: 1.659 Thread 0x000000001820c800 Uncommon trap: reason=class_check action=maybe_recompile pc=0x0000000002b5baa0 method=java.io.DataInputStream.readShort()S @ 4
Event: 1.664 Thread 0x000000001820c800 Uncommon trap: reason=class_check action=maybe_recompile pc=0x00000000029b1330 method=java.lang.String.equals(Ljava/lang/Object;)Z @ 8
Event: 1.664 Thread 0x000000001820c800 Uncommon trap: reason=class_check action=maybe_recompile pc=0x00000000029b1330 method=java.lang.String.equals(Ljava/lang/Object;)Z @ 8
Event: 1.664 Thread 0x000000001820c800 Uncommon trap: reason=class_check action=maybe_recompile pc=0x00000000029b1330 method=java.lang.String.equals(Ljava/lang/Object;)Z @ 8
Event: 1.664 Thread 0x000000001820c800 Uncommon trap: reason=class_check action=maybe_recompile pc=0x00000000029b1330 method=java.lang.String.equals(Ljava/lang/Object;)Z @ 8
Event: 8.234 Thread 0x000000001820c800 Uncommon trap: reason=unstable_if action=reinterpret pc=0x0000000002c392ac method=java.lang.ClassLoader.checkName(Ljava/lang/String;)Z @ 20

Internal exceptions (10 events):
Event: 0.271 Thread 0x0000000002781000 Exception <a 'java/security/PrivilegedActionException'> (0x00000000e0423bd0) thrown at [C:\re\workspace\8-2-build-windows-amd64-cygwin\jdk8u111\7883\hotspot\src\share\vm\prims\jvm.cpp, line 1386]
Event: 0.272 Thread 0x0000000002781000 Exception <a 'java/security/PrivilegedActionException'> (0x00000000e0427ab8) thrown at [C:\re\workspace\8-2-build-windows-amd64-cygwin\jdk8u111\7883\hotspot\src\share\vm\prims\jvm.cpp, line 1386]
Event: 0.272 Thread 0x0000000002781000 Exception <a 'java/security/PrivilegedActionException'> (0x00000000e0427cc8) thrown at [C:\re\workspace\8-2-build-windows-amd64-cygwin\jdk8u111\7883\hotspot\src\share\vm\prims\jvm.cpp, line 1386]
Event: 0.272 Thread 0x0000000002781000 Exception <a 'java/lang/NullPointerException'> (0x00000000e04282a0) thrown at [C:\re\workspace\8-2-build-windows-amd64-cygwin\jdk8u111\7883\hotspot\src\share\vm\interpreter\linkResolver.cpp, line 1178]
Event: 1.137 Thread 0x000000001820c800 Exception <a 'java/lang/NullPointerException'> (0x00000000e12a0f00) thrown at [C:\re\workspace\8-2-build-windows-amd64-cygwin\jdk8u111\7883\hotspot\src\share\vm\interpreter\linkResolver.cpp, line 1178]
Event: 1.137 Thread 0x000000001820c800 Exception <a 'java/lang/NullPointerException'> (0x00000000e12a0f00) thrown at [C:\re\workspace\8-2-build-windows-amd64-cygwin\jdk8u111\7883\hotspot\src\share\vm\prims\jvm.cpp, line 1390]
Event: 1.263 Thread 0x000000001820c800 Exception <a 'java/lang/ArrayIndexOutOfBoundsException': 58> (0x00000000e13f3b10) thrown at [C:\re\workspace\8-2-build-windows-amd64-cygwin\jdk8u111\7883\hotspot\src\share\vm\interpreter\interpreterRuntime.cpp, line 366]
Event: 1.264 Thread 0x000000001820c800 Exception <a 'java/lang/ArrayIndexOutOfBoundsException': 18> (0x00000000e13f4998) thrown at [C:\re\workspace\8-2-build-windows-amd64-cygwin\jdk8u111\7883\hotspot\src\share\vm\interpreter\interpreterRuntime.cpp, line 366]
Event: 1.264 Thread 0x000000001820c800 Exception <a 'java/lang/ArrayIndexOutOfBoundsException': 86> (0x00000000e13f5d40) thrown at [C:\re\workspace\8-2-build-windows-amd64-cygwin\jdk8u111\7883\hotspot\src\share\vm\interpreter\interpreterRuntime.cpp, line 366]
Event: 1.510 Thread 0x000000001820c800 Implicit null exception at 0x0000000002bbaa75 to 0x0000000002bbac85

Events (10 events):
Event: 8.522 loading class com/sun/javafx/scene/control/behavior/TextBinding$MnemonicKeyCombination
Event: 8.522 loading class com/sun/javafx/scene/control/behavior/TextBinding$MnemonicKeyCombination done
Event: 8.524 loading class javafx/scene/text/Text$TextAttribute$6$1
Event: 8.524 loading class javafx/scene/text/Text$TextAttribute$6$1 done
Event: 8.531 loading class com/sun/javafx/scene/control/skin/TextAreaSkin$ContentView
Event: 8.531 loading class com/sun/javafx/scene/control/skin/TextAreaSkin$ContentView done
Event: 8.535 loading class com/sun/javafx/tk/quantum/GlassViewEventHandler$ViewEventNotification
Event: 8.535 loading class com/sun/javafx/tk/quantum/GlassViewEventHandler$ViewEventNotification done
Event: 8.536 loading class com/sun/javafx/tk/quantum/WindowStage
Event: 8.536 loading class com/sun/javafx/tk/quantum/WindowStage done


Dynamic libraries:
0x000007f661800000 - 0x000007f661837000 	D:\Program Files\Java\jdk1.8.0_111\jre\bin\java.exe
0x000007fee2890000 - 0x000007fee2a4d000 	D:\Windows\SYSTEM32\ntdll.dll
0x000007fee0aa0000 - 0x000007fee0bd7000 	D:\Windows\system32\KERNEL32.DLL
0x000007fedf870000 - 0x000007fedf964000 	D:\Windows\system32\KERNELBASE.dll
0x000007fee1010000 - 0x000007fee10ee000 	D:\Windows\system32\ADVAPI32.dll
0x000007fedfce0000 - 0x000007fedfe2c000 	D:\Windows\system32\USER32.dll
0x000007fedc5d0000 - 0x000007fedc83a000 	D:\Windows\WinSxS\amd64_microsoft.windows.common-controls_6595b64144ccf1df_6.0.9200.17359_none_4188b989718cf1c6\COMCTL32.dll
0x000007fee09f0000 - 0x000007fee0a95000 	D:\Windows\system32\msvcrt.dll
0x000007fee0fc0000 - 0x000007fee1008000 	D:\Windows\SYSTEM32\sechost.dll
0x000007fee0e10000 - 0x000007fee0f55000 	D:\Windows\system32\RPCRT4.dll
0x000007fee0640000 - 0x000007fee0781000 	D:\Windows\system32\GDI32.dll
0x000007fee07f0000 - 0x000007fee0829000 	D:\Windows\system32\IMM32.DLL
0x000007fee0830000 - 0x000007fee0946000 	D:\Windows\system32\MSCTF.dll
0x0000000057640000 - 0x0000000057712000 	D:\Program Files\Java\jdk1.8.0_111\jre\bin\msvcr100.dll
0x0000000057720000 - 0x0000000057fba000 	D:\Program Files\Java\jdk1.8.0_111\jre\bin\server\jvm.dll
0x000007fed5180000 - 0x000007fed5189000 	D:\Windows\SYSTEM32\WSOCK32.dll
0x000007fec83f0000 - 0x000007fec8410000 	D:\Windows\SYSTEM32\WINMM.dll
0x000007fede0d0000 - 0x000007fede0d9000 	D:\Windows\SYSTEM32\VERSION.dll
0x000007fee0250000 - 0x000007fee0257000 	D:\Windows\system32\PSAPI.DLL
0x000007fee0080000 - 0x000007fee00d8000 	D:\Windows\system32\WS2_32.dll
0x000007fec83b0000 - 0x000007fec83e3000 	D:\Windows\SYSTEM32\WINMMBASE.dll
0x000007fee0f60000 - 0x000007fee0f69000 	D:\Windows\system32\NSI.dll
0x000007fedf970000 - 0x000007fedf9bf000 	D:\Windows\SYSTEM32\cfgmgr32.dll
0x000007fedfcb0000 - 0x000007fedfcd2000 	D:\Windows\system32\DEVOBJ.dll
0x00000000575f0000 - 0x00000000575ff000 	D:\Program Files\Java\jdk1.8.0_111\jre\bin\verify.dll
0x00000000575c0000 - 0x00000000575e9000 	D:\Program Files\Java\jdk1.8.0_111\jre\bin\java.dll
0x00000000575a0000 - 0x00000000575b6000 	D:\Program Files\Java\jdk1.8.0_111\jre\bin\zip.dll
0x000007fee12a0000 - 0x000007fee2585000 	D:\Windows\system32\SHELL32.dll
0x000007fee10f0000 - 0x000007fee12a0000 	D:\Windows\SYSTEM32\combase.dll
0x000007fee0f70000 - 0x000007fee0fc0000 	D:\Windows\system32\SHLWAPI.dll
0x000007fedc840000 - 0x000007fedc8d6000 	D:\Windows\SYSTEM32\SHCORE.dll
0x000007fedf7a0000 - 0x000007fedf7b5000 	D:\Windows\SYSTEM32\profapi.dll
0x000007fecf830000 - 0x000007fecf91f000 	D:\Program Files\Java\jdk1.8.0_111\jre\bin\msvcr120.dll
0x000007fecf780000 - 0x000007fecf826000 	D:\Program Files\Java\jdk1.8.0_111\jre\bin\msvcp120.dll
0x0000000055740000 - 0x0000000055762000 	D:\Program Files\Java\jdk1.8.0_111\jre\bin\prism_d3d.dll
0x000007fed3860000 - 0x000007fed3a60000 	D:\Windows\system32\d3d9.dll
0x000007fedb1e0000 - 0x000007fedb201000 	D:\Windows\SYSTEM32\dwmapi.dll
0x000007fedbfb0000 - 0x000007fedc093000 	D:\Windows\system32\uxtheme.dll
0x000007feda480000 - 0x000007feda597000 	D:\Windows\SYSTEM32\aticfx64.dll
0x000007fed5790000 - 0x000007fed57af000 	D:\Windows\SYSTEM32\atiu9p64.dll
0x000007fed31f0000 - 0x000007fed385f000 	D:\Windows\SYSTEM32\atiumd64.dll
0x0000000055770000 - 0x0000000055a79000 	D:\Windows\SYSTEM32\atiumd6a.dll
0x00000000556f0000 - 0x0000000055733000 	D:\Program Files\Java\jdk1.8.0_111\jre\bin\glass.dll
0x000007fee0be0000 - 0x000007fee0c81000 	D:\Windows\system32\COMDLG32.dll
0x000007fee0c90000 - 0x000007fee0e0e000 	D:\Windows\system32\ole32.dll
0x000007fee25a0000 - 0x000007fee2663000 	D:\Windows\system32\OLEAUT32.dll
0x000007fedf5e0000 - 0x000007fedf5ea000 	D:\Windows\SYSTEM32\CRYPTBASE.dll
0x000007fedf580000 - 0x000007fedf5dd000 	D:\Windows\SYSTEM32\bcryptPrimitives.dll
0x0000000057580000 - 0x000000005759a000 	D:\Program Files\Java\jdk1.8.0_111\jre\bin\net.dll
0x000007fedeff0000 - 0x000007fedf04c000 	D:\Windows\system32\mswsock.dll
0x000007fedee30000 - 0x000007fedeecc000 	D:\Windows\SYSTEM32\DNSAPI.dll
0x0000000058610000 - 0x0000000058636000 	D:\Program Files\Bonjour\mdnsNSP.dll
0x000007fedc580000 - 0x000007fedc5aa000 	D:\Windows\SYSTEM32\Iphlpapi.DLL
0x000007fedc570000 - 0x000007fedc57a000 	D:\Windows\SYSTEM32\WINNSI.DLL
0x000007fec54b0000 - 0x000007fec54b8000 	D:\Windows\System32\rasadhlp.dll
0x000007fed69c0000 - 0x000007fed6a21000 	D:\Windows\System32\fwpuclnt.dll
0x00000000556d0000 - 0x00000000556e4000 	D:\Program Files\Java\jdk1.8.0_111\jre\bin\javafx_font.dll
0x000007feda780000 - 0x000007feda945000 	D:\Windows\SYSTEM32\dwrite.dll
0x000007fee0950000 - 0x000007fee09e6000 	D:\Windows\SYSTEM32\clbcatq.dll
0x000007fedb030000 - 0x000007fedb1c3000 	D:\Windows\SYSTEM32\WindowsCodecs.dll
0x000007fed1670000 - 0x000007fed169e000 	D:\Program Files\Common Files\Microsoft Shared\Ink\rtscom.dll
0x000007feda660000 - 0x000007feda667000 	D:\Windows\System32\OskSupport.dll

VM Arguments:
jvm_args: -Dfile.encoding=UTF-8 
java_command: D:\Users\Baleina\Documents\NetBeansProjects\Actualite\dist\run862021087\Actualite.jar
java_class_path (initial): D:\Users\Baleina\Documents\NetBeansProjects\Actualite\dist\run862021087\Actualite.jar
Launcher Type: SUN_STANDARD

Environment Variables:
PATH=F:\xampp1\php;D:\ProgramData\ComposerSetup\bin;F:\xampp1\php\;D:\Users\Baleina\AppData\Roaming\Composer\vendor\bin
USERNAME=Baleina
OS=Windows_NT
PROCESSOR_IDENTIFIER=Intel64 Family 6 Model 42 Stepping 7, GenuineIntel



---------------  S Y S T E M  ---------------

OS: Windows 8 , 64 bit Build 9200 (6.2.9200.16859)

CPU:total 4 (2 cores per cpu, 2 threads per core) family 6 model 42 stepping 7, cmov, cx8, fxsr, mmx, sse, sse2, sse3, ssse3, sse4.1, sse4.2, popcnt, avx, aes, clmul, ht, tsc, tscinvbit

Memory: 4k page, physical 6272876k(990256k free), swap 6797164k(5248k free)

vm_info: Java HotSpot(TM) 64-Bit Server VM (25.111-b14) for windows-amd64 JRE (1.8.0_111-b14), built on Sep 22 2016 19:24:05 by "java_re" with MS VC++ 10.0 (VS2010)

time: Sat Apr 04 22:44:00 2020
elapsed time: 8 seconds (0d 0h 0m 8s)

