#
# There is insufficient memory for the Java Runtime Environment to continue.
# Native memory allocation (malloc) failed to allocate 32744 bytes for ChunkPool::allocate
# Possible reasons:
#   The system is out of physical RAM or swap space
#   In 32 bit mode, the process size limit was hit
# Possible solutions:
#   Reduce memory load on the system
#   Increase physical memory or swap space
#   Check if swap backing store is full
#   Use 64 bit Java on a 64 bit OS
#   Decrease Java heap size (-Xmx/-Xms)
#   Decrease number of Java threads
#   Decrease Java thread stack sizes (-Xss)
#   Set larger code cache with -XX:ReservedCodeCacheSize=
# This output file may be truncated or incomplete.
#
#  Out of Memory Error (allocation.cpp:273), pid=2540, tid=0x000000000000172c
#
# JRE version: Java(TM) SE Runtime Environment (8.0_111-b14) (build 1.8.0_111-b14)
# Java VM: Java HotSpot(TM) 64-Bit Server VM (25.111-b14 mixed mode windows-amd64 compressed oops)
# Failed to write core dump. Minidumps are not enabled by default on client versions of Windows
#

---------------  T H R E A D  ---------------

Current thread (0x0000000016a69000):  JavaThread "C1 CompilerThread2" daemon [_thread_in_native, id=5932, stack(0x0000000018590000,0x0000000018690000)]

Stack: [0x0000000018590000,0x0000000018690000]
[error occurred during error reporting (printing stack bounds), id 0xc0000005]

Native frames: (J=compiled Java code, j=interpreted, Vv=VM code, C=native code)


Current CompileTask:
C1:  16800 1521       3       sun.nio.cs.UTF_8$Encoder::encodeArrayLoop (489 bytes)


---------------  P R O C E S S  ---------------

Java Threads: ( => current thread )
  0x0000000018fe6000 JavaThread "Prism Font Disposer" daemon [_thread_blocked, id=912, stack(0x000000001cda0000,0x000000001cea0000)]
  0x0000000018d95800 JavaThread "Abandoned connection cleanup thread" daemon [_thread_blocked, id=8548, stack(0x000000001bae0000,0x000000001bbe0000)]
  0x0000000018d28800 JavaThread "Thread-3" daemon [_thread_in_native, id=8880, stack(0x000000001b8e0000,0x000000001b9e0000)]
  0x0000000018d3c800 JavaThread "JavaFX-Launcher" [_thread_blocked, id=9260, stack(0x000000001b9e0000,0x000000001bae0000)]
  0x0000000018cb1800 JavaThread "JavaFX Application Thread" [_thread_in_native, id=8664, stack(0x000000001a0e0000,0x000000001a1e0000)]
  0x0000000018ca7800 JavaThread "Thread-1" daemon [_thread_blocked, id=2824, stack(0x0000000019fe0000,0x000000001a0e0000)]
  0x0000000018a81800 JavaThread "QuantumRenderer-0" daemon [_thread_blocked, id=9548, stack(0x0000000019490000,0x0000000019590000)]
  0x00000000186b2800 JavaThread "Service Thread" daemon [_thread_blocked, id=3552, stack(0x0000000018a90000,0x0000000018b90000)]
=>0x0000000016a69000 JavaThread "C1 CompilerThread2" daemon [_thread_in_native, id=5932, stack(0x0000000018590000,0x0000000018690000)]
  0x0000000016a65800 JavaThread "C2 CompilerThread1" daemon [_thread_blocked, id=5620, stack(0x0000000018490000,0x0000000018590000)]
  0x0000000016a5e800 JavaThread "C2 CompilerThread0" daemon [_thread_blocked, id=6944, stack(0x0000000018390000,0x0000000018490000)]
  0x0000000016a5c800 JavaThread "Attach Listener" daemon [_thread_blocked, id=4308, stack(0x0000000018290000,0x0000000018390000)]
  0x0000000016a59000 JavaThread "Signal Dispatcher" daemon [_thread_blocked, id=7276, stack(0x0000000018190000,0x0000000018290000)]
  0x000000000311b000 JavaThread "Finalizer" daemon [_thread_blocked, id=3600, stack(0x0000000017cc0000,0x0000000017dc0000)]
  0x000000000310f800 JavaThread "Reference Handler" daemon [_thread_blocked, id=1660, stack(0x0000000017bc0000,0x0000000017cc0000)]
  0x0000000003021000 JavaThread "main" [_thread_blocked, id=6020, stack(0x0000000002c00000,0x0000000002d00000)]

Other Threads:
  0x0000000016a28000 VMThread [stack: 0x0000000017ac0000,0x0000000017bc0000] [id=8812]
  0x00000000186be000 WatcherThread [stack: 0x0000000018b90000,0x0000000018c90000] [id=6840]

VM state:not at safepoint (normal execution)

VM Mutex/Monitor currently owned by a thread: None

Heap:
 PSYoungGen      total 28672K, used 22003K [0x00000000e0180000, 0x00000000e2180000, 0x0000000100000000)
  eden space 24576K, 72% used [0x00000000e0180000,0x00000000e1300c48,0x00000000e1980000)
  from space 4096K, 99% used [0x00000000e1980000,0x00000000e1d7c070,0x00000000e1d80000)
  to   space 4096K, 0% used [0x00000000e1d80000,0x00000000e1d80000,0x00000000e2180000)
 ParOldGen       total 65536K, used 1022K [0x00000000a0400000, 0x00000000a4400000, 0x00000000e0180000)
  object space 65536K, 1% used [0x00000000a0400000,0x00000000a04ff9f8,0x00000000a4400000)
 Metaspace       used 19504K, capacity 20630K, committed 20736K, reserved 1067008K
  class space    used 2772K, capacity 3036K, committed 3072K, reserved 1048576K

Card table byte_map: [0x00000000124e0000,0x00000000127e0000] byte_map_base: 0x0000000011fde000

Marking Bits: (ParMarkBitMap*) 0x0000000057bda6c0
 Begin Bits: [0x0000000012de0000, 0x00000000145d0000)
 End Bits:   [0x00000000145d0000, 0x0000000015dc0000)

Polling page: 0x0000000001470000

CodeCache: size=245760Kb used=4892Kb max_used=4892Kb free=240867Kb
 bounds [0x0000000003120000, 0x00000000035f0000, 0x0000000012120000]
 total_blobs=2193 nmethods=1500 adapters=604
 compilation: enabled

Compilation events (10 events):
Event: 16.715 Thread 0x0000000016a69000 nmethod 1510 0x00000000035e7a90 code [0x00000000035e7c00, 0x00000000035e7df0]
Event: 16.717 Thread 0x0000000016a69000 1511       1       java.lang.invoke.MethodHandle::internalForm (5 bytes)
Event: 16.717 Thread 0x0000000016a69000 nmethod 1511 0x00000000035e7f50 code [0x00000000035e80a0, 0x00000000035e81b0]
Event: 16.718 Thread 0x0000000016a69000 1512       1       com.sun.prism.paint.Paint::getType (5 bytes)
Event: 16.718 Thread 0x0000000016a69000 nmethod 1512 0x00000000035e8210 code [0x00000000035e8360, 0x00000000035e8470]
Event: 16.739 Thread 0x0000000016a69000 1513       3       com.sun.javafx.geom.transform.BaseTransform::almostZero (22 bytes)
Event: 16.739 Thread 0x0000000016a69000 nmethod 1513 0x00000000035e84d0 code [0x00000000035e8660, 0x00000000035e8870]
Event: 16.741 Thread 0x0000000016a69000 1515   !   3       java.io.BufferedWriter::write (117 bytes)
Event: 16.742 Thread 0x0000000016a69000 nmethod 1515 0x00000000035e8910 code [0x00000000035e8ae0, 0x00000000035e9248]
Event: 16.742 Thread 0x0000000016a69000 1521       3       sun.nio.cs.UTF_8$Encoder::encodeArrayLoop (489 bytes)

GC Heap History (2 events):
Event: 2.045 GC heap before
{Heap before GC invocations=1 (full 0):
 PSYoungGen      total 28672K, used 24576K [0x00000000e0180000, 0x00000000e2180000, 0x0000000100000000)
  eden space 24576K, 100% used [0x00000000e0180000,0x00000000e1980000,0x00000000e1980000)
  from space 4096K, 0% used [0x00000000e1d80000,0x00000000e1d80000,0x00000000e2180000)
  to   space 4096K, 0% used [0x00000000e1980000,0x00000000e1980000,0x00000000e1d80000)
 ParOldGen       total 65536K, used 0K [0x00000000a0400000, 0x00000000a4400000, 0x00000000e0180000)
  object space 65536K, 0% used [0x00000000a0400000,0x00000000a0400000,0x00000000a4400000)
 Metaspace       used 14125K, capacity 14570K, committed 14720K, reserved 1062912K
  class space    used 1770K, capacity 1902K, committed 1920K, reserved 1048576K
Event: 2.051 GC heap after
Heap after GC invocations=1 (full 0):
 PSYoungGen      total 28672K, used 4080K [0x00000000e0180000, 0x00000000e2180000, 0x0000000100000000)
  eden space 24576K, 0% used [0x00000000e0180000,0x00000000e0180000,0x00000000e1980000)
  from space 4096K, 99% used [0x00000000e1980000,0x00000000e1d7c070,0x00000000e1d80000)
  to   space 4096K, 0% used [0x00000000e1d80000,0x00000000e1d80000,0x00000000e2180000)
 ParOldGen       total 65536K, used 1022K [0x00000000a0400000, 0x00000000a4400000, 0x00000000e0180000)
  object space 65536K, 1% used [0x00000000a0400000,0x00000000a04ff9f8,0x00000000a4400000)
 Metaspace       used 14125K, capacity 14570K, committed 14720K, reserved 1062912K
  class space    used 1770K, capacity 1902K, committed 1920K, reserved 1048576K
}

Deoptimization events (10 events):
Event: 2.216 Thread 0x0000000018cb1800 Uncommon trap: reason=class_check action=maybe_recompile pc=0x00000000033f49a0 method=java.io.DataInputStream.readShort()S @ 4
Event: 2.216 Thread 0x0000000018cb1800 Uncommon trap: reason=class_check action=maybe_recompile pc=0x00000000033f49a0 method=java.io.DataInputStream.readShort()S @ 4
Event: 2.217 Thread 0x0000000018cb1800 Uncommon trap: reason=class_check action=maybe_recompile pc=0x00000000033f49a0 method=java.io.DataInputStream.readShort()S @ 4
Event: 2.222 Thread 0x0000000018cb1800 Uncommon trap: reason=class_check action=maybe_recompile pc=0x0000000003241330 method=java.lang.String.equals(Ljava/lang/Object;)Z @ 8
Event: 2.222 Thread 0x0000000018cb1800 Uncommon trap: reason=class_check action=maybe_recompile pc=0x0000000003241330 method=java.lang.String.equals(Ljava/lang/Object;)Z @ 8
Event: 2.222 Thread 0x0000000018cb1800 Uncommon trap: reason=class_check action=maybe_recompile pc=0x0000000003241330 method=java.lang.String.equals(Ljava/lang/Object;)Z @ 8
Event: 2.222 Thread 0x0000000018cb1800 Uncommon trap: reason=class_check action=maybe_recompile pc=0x0000000003241330 method=java.lang.String.equals(Ljava/lang/Object;)Z @ 8
Event: 12.256 Thread 0x0000000018cb1800 Uncommon trap: reason=unstable_if action=reinterpret pc=0x00000000034db92c method=java.lang.ClassLoader.checkName(Ljava/lang/String;)Z @ 20
Event: 12.730 Thread 0x0000000018cb1800 Uncommon trap: reason=unstable_if action=reinterpret pc=0x0000000003490228 method=jdk.internal.org.objectweb.asm.Type.getArgumentsAndReturnSizes(Ljava/lang/String;)I @ 47
Event: 12.735 Thread 0x0000000018cb1800 Uncommon trap: reason=unstable_if action=reinterpret pc=0x000000000358404c method=jdk.internal.org.objectweb.asm.Item.isEqualTo(Ljdk/internal/org/objectweb/asm/Item;)Z @ 331

Internal exceptions (10 events):
Event: 1.729 Thread 0x0000000018cb1800 Exception <a 'java/lang/ArrayIndexOutOfBoundsException': 86> (0x00000000e13f2558) thrown at [C:\re\workspace\8-2-build-windows-amd64-cygwin\jdk8u111\7883\hotspot\src\share\vm\interpreter\interpreterRuntime.cpp, line 366]
Event: 2.055 Thread 0x0000000018cb1800 Implicit null exception at 0x000000000343a635 to 0x000000000343a845
Event: 13.230 Thread 0x0000000018a81800 Exception <a 'java/lang/NullPointerException'> (0x00000000e0f43ce8) thrown at [C:\re\workspace\8-2-build-windows-amd64-cygwin\jdk8u111\7883\hotspot\src\share\vm\interpreter\linkResolver.cpp, line 1280]
Event: 13.705 Thread 0x0000000018a81800 Exception <a 'java/lang/NullPointerException'> (0x00000000e0f4de70) thrown at [C:\re\workspace\8-2-build-windows-amd64-cygwin\jdk8u111\7883\hotspot\src\share\vm\interpreter\linkResolver.cpp, line 1280]
Event: 14.217 Thread 0x0000000018a81800 Exception <a 'java/lang/NullPointerException'> (0x00000000e0f57240) thrown at [C:\re\workspace\8-2-build-windows-amd64-cygwin\jdk8u111\7883\hotspot\src\share\vm\interpreter\linkResolver.cpp, line 1280]
Event: 14.712 Thread 0x0000000018a81800 Exception <a 'java/lang/NullPointerException'> (0x00000000e0f60610) thrown at [C:\re\workspace\8-2-build-windows-amd64-cygwin\jdk8u111\7883\hotspot\src\share\vm\interpreter\linkResolver.cpp, line 1280]
Event: 15.207 Thread 0x0000000018a81800 Exception <a 'java/lang/NullPointerException'> (0x00000000e0f699e0) thrown at [C:\re\workspace\8-2-build-windows-amd64-cygwin\jdk8u111\7883\hotspot\src\share\vm\interpreter\linkResolver.cpp, line 1280]
Event: 15.786 Thread 0x0000000018a81800 Exception <a 'java/lang/NullPointerException'> (0x00000000e1010348) thrown at [C:\re\workspace\8-2-build-windows-amd64-cygwin\jdk8u111\7883\hotspot\src\share\vm\interpreter\linkResolver.cpp, line 1280]
Event: 16.220 Thread 0x0000000018a81800 Exception <a 'java/lang/NullPointerException'> (0x00000000e12caed8) thrown at [C:\re\workspace\8-2-build-windows-amd64-cygwin\jdk8u111\7883\hotspot\src\share\vm\interpreter\linkResolver.cpp, line 1280]
Event: 16.741 Thread 0x0000000018a81800 Exception <a 'java/lang/NullPointerException'> (0x00000000e12eb460) thrown at [C:\re\workspace\8-2-build-windows-amd64-cygwin\jdk8u111\7883\hotspot\src\share\vm\interpreter\linkResolver.cpp, line 1280]

Events (10 events):
Event: 16.716 loading class com/sun/prism/impl/ps/CachingShapeRepState$CacheEntry
Event: 16.716 loading class com/sun/prism/impl/ps/CachingShapeRepState$CacheEntry done
Event: 16.716 loading class com/sun/prism/impl/ps/CachingShapeRepState$CacheEntry
Event: 16.716 loading class com/sun/prism/impl/ps/CachingShapeRepState$CacheEntry done
Event: 16.716 loading class com/sun/prism/impl/ps/CachingShapeRepState$CacheEntry
Event: 16.716 loading class com/sun/prism/impl/ps/CachingShapeRepState$CacheEntry done
Event: 16.717 loading class com/sun/prism/impl/ps/CachingShapeRepState$MaskTexData
Event: 16.717 loading class com/sun/prism/impl/ps/CachingShapeRepState$MaskTexData done
Event: 16.717 loading class com/sun/prism/impl/ps/CachingShapeRepState$CSRDisposerRecord
Event: 16.717 loading class com/sun/prism/impl/ps/CachingShapeRepState$CSRDisposerRecord done


Dynamic libraries:
0x000007f6413f0000 - 0x000007f641427000 	D:\Program Files\Java\jdk1.8.0_111\jre\bin\java.exe
0x000007fee2890000 - 0x000007fee2a4d000 	D:\Windows\SYSTEM32\ntdll.dll
0x000007fee0aa0000 - 0x000007fee0bd7000 	D:\Windows\system32\KERNEL32.DLL
0x000007fedf870000 - 0x000007fedf964000 	D:\Windows\system32\KERNELBASE.dll
0x000007fee1010000 - 0x000007fee10ee000 	D:\Windows\system32\ADVAPI32.dll
0x000007fedfce0000 - 0x000007fedfe2c000 	D:\Windows\system32\USER32.dll
0x000007fedc5d0000 - 0x000007fedc83a000 	D:\Windows\WinSxS\amd64_microsoft.windows.common-controls_6595b64144ccf1df_6.0.9200.17359_none_4188b989718cf1c6\COMCTL32.dll
0x000007fee09f0000 - 0x000007fee0a95000 	D:\Windows\system32\msvcrt.dll
0x000007fee0fc0000 - 0x000007fee1008000 	D:\Windows\SYSTEM32\sechost.dll
0x000007fee0e10000 - 0x000007fee0f55000 	D:\Windows\system32\RPCRT4.dll
0x000007fee0640000 - 0x000007fee0781000 	D:\Windows\system32\GDI32.dll
0x000007fee07f0000 - 0x000007fee0829000 	D:\Windows\system32\IMM32.DLL
0x000007fee0830000 - 0x000007fee0946000 	D:\Windows\system32\MSCTF.dll
0x00000000572e0000 - 0x00000000573b2000 	D:\Program Files\Java\jdk1.8.0_111\jre\bin\msvcr100.dll
0x00000000573c0000 - 0x0000000057c5a000 	D:\Program Files\Java\jdk1.8.0_111\jre\bin\server\jvm.dll
0x000007fed5180000 - 0x000007fed5189000 	D:\Windows\SYSTEM32\WSOCK32.dll
0x000007fec83f0000 - 0x000007fec8410000 	D:\Windows\SYSTEM32\WINMM.dll
0x000007fede0d0000 - 0x000007fede0d9000 	D:\Windows\SYSTEM32\VERSION.dll
0x000007fee0250000 - 0x000007fee0257000 	D:\Windows\system32\PSAPI.DLL
0x000007fee0080000 - 0x000007fee00d8000 	D:\Windows\system32\WS2_32.dll
0x000007fec83b0000 - 0x000007fec83e3000 	D:\Windows\SYSTEM32\WINMMBASE.dll
0x000007fee0f60000 - 0x000007fee0f69000 	D:\Windows\system32\NSI.dll
0x000007fedf970000 - 0x000007fedf9bf000 	D:\Windows\SYSTEM32\cfgmgr32.dll
0x000007fedfcb0000 - 0x000007fedfcd2000 	D:\Windows\system32\DEVOBJ.dll
0x0000000057e00000 - 0x0000000057e0f000 	D:\Program Files\Java\jdk1.8.0_111\jre\bin\verify.dll
0x0000000057270000 - 0x0000000057299000 	D:\Program Files\Java\jdk1.8.0_111\jre\bin\java.dll
0x0000000057250000 - 0x0000000057266000 	D:\Program Files\Java\jdk1.8.0_111\jre\bin\zip.dll
0x000007fee12a0000 - 0x000007fee2585000 	D:\Windows\system32\SHELL32.dll
0x000007fee10f0000 - 0x000007fee12a0000 	D:\Windows\SYSTEM32\combase.dll
0x000007fee0f70000 - 0x000007fee0fc0000 	D:\Windows\system32\SHLWAPI.dll
0x000007fedc840000 - 0x000007fedc8d6000 	D:\Windows\SYSTEM32\SHCORE.dll
0x000007fedf7a0000 - 0x000007fedf7b5000 	D:\Windows\SYSTEM32\profapi.dll
0x000007fec78c0000 - 0x000007fec79af000 	D:\Program Files\Java\jdk1.8.0_111\jre\bin\msvcr120.dll
0x000007fec5960000 - 0x000007fec5a06000 	D:\Program Files\Java\jdk1.8.0_111\jre\bin\msvcp120.dll
0x0000000055740000 - 0x0000000055762000 	D:\Program Files\Java\jdk1.8.0_111\jre\bin\prism_d3d.dll
0x000007fec64a0000 - 0x000007fec66a0000 	D:\Windows\system32\d3d9.dll
0x000007fedb1e0000 - 0x000007fedb201000 	D:\Windows\SYSTEM32\dwmapi.dll
0x000007fedbfb0000 - 0x000007fedc093000 	D:\Windows\system32\uxtheme.dll
0x000007feda480000 - 0x000007feda597000 	D:\Windows\SYSTEM32\aticfx64.dll
0x000007fedb110000 - 0x000007fedb12f000 	D:\Windows\SYSTEM32\atiu9p64.dll
0x000007feb7320000 - 0x000007feb798f000 	D:\Windows\SYSTEM32\atiumd64.dll
0x0000000057e10000 - 0x0000000058119000 	D:\Windows\SYSTEM32\atiumd6a.dll
0x00000000556f0000 - 0x0000000055733000 	D:\Program Files\Java\jdk1.8.0_111\jre\bin\glass.dll
0x000007fee0be0000 - 0x000007fee0c81000 	D:\Windows\system32\COMDLG32.dll
0x000007fee0c90000 - 0x000007fee0e0e000 	D:\Windows\system32\ole32.dll
0x000007fee25a0000 - 0x000007fee2663000 	D:\Windows\system32\OLEAUT32.dll
0x000007fedf5e0000 - 0x000007fedf5ea000 	D:\Windows\SYSTEM32\CRYPTBASE.dll
0x000007fedf580000 - 0x000007fedf5dd000 	D:\Windows\SYSTEM32\bcryptPrimitives.dll
0x0000000057230000 - 0x000000005724a000 	D:\Program Files\Java\jdk1.8.0_111\jre\bin\net.dll
0x000007fedeff0000 - 0x000007fedf04c000 	D:\Windows\system32\mswsock.dll
0x000007fedee30000 - 0x000007fedeecc000 	D:\Windows\SYSTEM32\DNSAPI.dll
0x0000000058610000 - 0x0000000058636000 	D:\Program Files\Bonjour\mdnsNSP.dll
0x000007fedc580000 - 0x000007fedc5aa000 	D:\Windows\SYSTEM32\Iphlpapi.DLL
0x000007fedc570000 - 0x000007fedc57a000 	D:\Windows\SYSTEM32\WINNSI.DLL
0x000007fec54b0000 - 0x000007fec54b8000 	D:\Windows\System32\rasadhlp.dll
0x000007fed69c0000 - 0x000007fed6a21000 	D:\Windows\System32\fwpuclnt.dll
0x00000000556d0000 - 0x00000000556e4000 	D:\Program Files\Java\jdk1.8.0_111\jre\bin\javafx_font.dll
0x000007feda780000 - 0x000007feda945000 	D:\Windows\SYSTEM32\dwrite.dll
0x000007fee0950000 - 0x000007fee09e6000 	D:\Windows\SYSTEM32\clbcatq.dll
0x000007feda1a0000 - 0x000007feda333000 	D:\Windows\SYSTEM32\WindowsCodecs.dll
0x000007fec6b00000 - 0x000007fec6b2e000 	D:\Program Files\Common Files\Microsoft Shared\Ink\rtscom.dll
0x00000000556b0000 - 0x00000000556c1000 	D:\Program Files\Java\jdk1.8.0_111\jre\bin\prism_common.dll

VM Arguments:
jvm_args: -Dfile.encoding=UTF-8 
java_command: D:\Users\Baleina\Documents\NetBeansProjects\Actualite\dist\run1957371809\Actualite.jar
java_class_path (initial): D:\Users\Baleina\Documents\NetBeansProjects\Actualite\dist\run1957371809\Actualite.jar
Launcher Type: SUN_STANDARD

Environment Variables:
PATH=F:\xampp1\php;D:\ProgramData\ComposerSetup\bin;F:\xampp1\php\;D:\Users\Baleina\AppData\Roaming\Composer\vendor\bin
USERNAME=Baleina
OS=Windows_NT
PROCESSOR_IDENTIFIER=Intel64 Family 6 Model 42 Stepping 7, GenuineIntel



---------------  S Y S T E M  ---------------

OS: Windows 8 , 64 bit Build 9200 (6.2.9200.16859)

CPU:total 4 (2 cores per cpu, 2 threads per core) family 6 model 42 stepping 7, cmov, cx8, fxsr, mmx, sse, sse2, sse3, ssse3, sse4.1, sse4.2, popcnt, avx, aes, clmul, ht, tsc, tscinvbit

Memory: 4k page, physical 6272876k(1028040k free), swap 6797164k(5108k free)

vm_info: Java HotSpot(TM) 64-Bit Server VM (25.111-b14) for windows-amd64 JRE (1.8.0_111-b14), built on Sep 22 2016 19:24:05 by "java_re" with MS VC++ 10.0 (VS2010)

time: Tue Apr 07 11:38:27 2020
elapsed time: 16 seconds (0d 0h 0m 16s)

